2024-12-23 15:22:28,950 - WARNING - 检测到 AVD 未运行，尝试重启 AVD。
2024-12-23 15:22:28,950 - INFO - 尝试启动 AVD...
2024-12-23 15:22:28,951 - INFO - AVD 启动命令已发送。请等待 AVD 完全启动...
2024-12-23 15:23:13,964 - WARNING - 检测到主程序未运行，尝试重启主程序。
2024-12-23 15:23:13,964 - INFO - 尝试启动主程序...
2024-12-23 15:23:13,964 - INFO - 主程序已启动，输出记录在 mcts.log 中。
2024-12-23 15:24:13,977 - INFO - AVD 正在运行。
2024-12-23 15:24:13,989 - INFO - 主程序正在运行。
2024-12-23 15:25:14,000 - INFO - AVD 正在运行。
2024-12-23 15:25:14,012 - INFO - 主程序正在运行。
2024-12-23 15:26:14,023 - INFO - AVD 正在运行。
2024-12-23 15:26:14,040 - INFO - 主程序正在运行。
2024-12-23 15:27:14,052 - INFO - AVD 正在运行。
2024-12-23 15:27:14,066 - INFO - 主程序正在运行。
2024-12-23 15:28:14,077 - INFO - AVD 正在运行。
2024-12-23 15:28:14,089 - INFO - 主程序正在运行。
2024-12-23 15:28:52,720 - INFO - AVD 正在运行。
2024-12-23 15:28:52,733 - WARNING - 检测到主程序未运行，尝试重启主程序。
2024-12-23 15:28:52,734 - INFO - 尝试启动主程序...
2024-12-23 15:28:52,734 - INFO - 主程序已启动，输出记录在 mcts.log 中。
2024-12-23 15:29:06,306 - WARNING - 检测到 AVD 未运行，尝试重启 AVD。
2024-12-23 15:29:06,306 - INFO - 尝试启动 AVD...
2024-12-23 15:29:06,307 - INFO - AVD 启动命令已发送。请等待 AVD 完全启动...
2024-12-23 15:29:51,319 - WARNING - 检测到主程序未运行，尝试重启主程序。
2024-12-23 15:29:51,319 - INFO - 尝试启动主程序...
2024-12-23 15:29:51,320 - INFO - 主程序已启动，输出记录在 mcts.log 中。
2024-12-23 15:30:51,331 - INFO - AVD 正在运行。
2024-12-23 15:30:51,342 - INFO - 主程序正在运行。
2024-12-23 15:31:51,354 - INFO - AVD 正在运行。
2024-12-23 15:31:51,365 - INFO - 主程序正在运行。
2024-12-23 15:32:51,376 - INFO - AVD 正在运行。
2024-12-23 15:32:51,387 - INFO - 主程序正在运行。
2024-12-23 15:33:51,398 - INFO - AVD 正在运行。
2024-12-23 15:33:51,409 - INFO - 主程序正在运行。
2024-12-23 15:34:51,421 - INFO - AVD 正在运行。
2024-12-23 15:34:51,432 - INFO - 主程序正在运行。
2024-12-23 15:35:51,443 - INFO - AVD 正在运行。
2024-12-23 15:35:51,454 - INFO - 主程序正在运行。
2024-12-23 15:36:51,465 - INFO - AVD 正在运行。
2024-12-23 15:36:51,476 - INFO - 主程序正在运行。
2024-12-23 15:37:51,488 - INFO - AVD 正在运行。
2024-12-23 15:37:51,498 - INFO - 主程序正在运行。
2024-12-23 15:38:51,510 - INFO - AVD 正在运行。
2024-12-23 15:38:51,521 - INFO - 主程序正在运行。
2024-12-23 15:39:51,539 - INFO - AVD 正在运行。
2024-12-23 15:39:51,553 - INFO - 主程序正在运行。
2024-12-23 15:40:51,565 - INFO - AVD 正在运行。
2024-12-23 15:40:51,581 - INFO - 主程序正在运行。
2024-12-23 15:41:51,593 - INFO - AVD 正在运行。
2024-12-23 15:41:51,605 - INFO - 主程序正在运行。
2024-12-23 15:42:51,618 - INFO - AVD 正在运行。
2024-12-23 15:42:51,629 - INFO - 主程序正在运行。
2024-12-23 15:43:51,641 - INFO - AVD 正在运行。
2024-12-23 15:43:51,652 - INFO - 主程序正在运行。
2024-12-23 15:44:51,664 - INFO - AVD 正在运行。
2024-12-23 15:44:51,674 - INFO - 主程序正在运行。
2024-12-23 15:45:51,686 - INFO - AVD 正在运行。
2024-12-23 15:45:51,697 - INFO - 主程序正在运行。
2024-12-23 15:46:51,709 - INFO - AVD 正在运行。
2024-12-23 15:46:51,719 - INFO - 主程序正在运行。
2024-12-23 15:47:51,731 - INFO - AVD 正在运行。
2024-12-23 15:47:51,742 - INFO - 主程序正在运行。
2024-12-23 15:48:51,753 - INFO - AVD 正在运行。
2024-12-23 15:48:51,766 - INFO - 主程序正在运行。
2024-12-23 15:49:51,777 - INFO - AVD 正在运行。
2024-12-23 15:49:51,788 - INFO - 主程序正在运行。
2024-12-23 15:50:51,800 - INFO - AVD 正在运行。
2024-12-23 15:50:51,812 - INFO - 主程序正在运行。
2024-12-23 15:51:51,826 - INFO - AVD 正在运行。
2024-12-23 15:51:51,855 - INFO - 主程序正在运行。
2024-12-27 16:41:21,795 - INFO - AVD 正在运行。
2024-12-27 16:41:21,995 - WARNING - 检测到主程序未运行，尝试重启主程序。
2024-12-27 16:41:21,995 - INFO - 尝试启动主程序...
2024-12-27 16:41:21,996 - INFO - 主程序已启动，输出记录在 mcts.log 中。
2024-12-27 16:54:22,922 - WARNING - 检测到 emulator-5554 未运行，尝试重启 AVD。
2024-12-27 16:54:22,922 - INFO - 尝试启动 AVD...
2024-12-27 16:54:22,923 - INFO - AVD 启动命令已发送。请等待 AVD 完全启动...
2024-12-27 16:55:08,164 - WARNING - 检测到主程序未运行，尝试重启主程序。
2024-12-27 16:55:08,164 - INFO - 尝试启动主程序...
2024-12-27 16:55:08,165 - INFO - 主程序已启动，输出记录在 mcts.log 中。
2024-12-27 16:56:08,169 - INFO - emulator-5554 正在运行。
2024-12-27 16:56:08,338 - WARNING - 检测到主程序未运行，尝试重启主程序。
2024-12-27 16:56:08,338 - INFO - 尝试启动主程序...
2024-12-27 16:56:08,338 - INFO - 主程序已启动，输出记录在 mcts.log 中。
